<?xml version="1.0" encoding="UTF-8"?>
<!-- Generated by org.testng.reporters.JUnitReportReporter -->
<testsuite hostname="DELL" name="com.orangehrm.qa.testcases.TestCase_01" tests="1" failures="0" timestamp="6 Jan 2021 08:17:58 GMT" time="124.773" errors="0">
  <testcase name="ValidLogin" time="124.773" classname="com.orangehrm.qa.testcases.TestCase_01"/>
</testsuite> <!-- com.orangehrm.qa.testcases.TestCase_01 -->
